app/build/intermediates/manifest_merge_blame_file/debug/manifest-merger-blame-debug-report.txt
1<?xml version="1.0" encoding="utf-8"?>
2<manifest xmlns:android="http://schemas.android.com/apk/res/android"
3    package="cn.easyar.samples.helloar"
4    android:versionCode="1"
5    android:versionName="1.0" >
6
7    <uses-sdk
8        android:minSdkVersion="17"
8-->src\main\AndroidManifest.xml
9        android:targetSdkVersion="28" />
9-->src\main\AndroidManifest.xml
10
11    <uses-permission android:name="android.permission.CAMERA" />
11-->src\main\AndroidManifest.xml:5:5-65
11-->src\main\AndroidManifest.xml:5:22-62
12    <uses-permission android:name="android.permission.INTERNET" />
12-->src\main\AndroidManifest.xml:6:5-67
12-->src\main\AndroidManifest.xml:6:22-64
13    <uses-permission android:name="android.permission.WRITE_EXTERNAL_STORAGE" />
14    <uses-permission android:name="android.permission.READ_PHONE_STATE" />
15    <uses-permission android:name="android.permission.READ_EXTERNAL_STORAGE" /> <!-- 在SDCard中创建与删除文件权限 -->
16    <uses-permission android:name="android.permission.MOUNT_UNMOUNT_FILESYSTEMS" /> <!-- 蓝牙权限 -->
16-->[com.github.xuexiangjys.XUtil:xutil-core:1.1.6] AndroidManifest.xml:14:5-16:47
16-->[com.github.xuexiangjys.XUtil:xutil-core:1.1.6] AndroidManifest.xml:15:9-68
17    <uses-permission android:name="android.permission.BLUETOOTH_ADMIN" />
17-->[com.github.xuexiangjys.XUtil:xutil-core:1.1.6] AndroidManifest.xml:19:5-74
17-->[com.github.xuexiangjys.XUtil:xutil-core:1.1.6] AndroidManifest.xml:19:22-71
18    <uses-permission android:name="android.permission.BLUETOOTH" /> <!-- 定位权限 -->
18-->[com.github.xuexiangjys.XUtil:xutil-core:1.1.6] AndroidManifest.xml:20:5-68
18-->[com.github.xuexiangjys.XUtil:xutil-core:1.1.6] AndroidManifest.xml:20:22-65
19    <uses-permission android:name="android.permission.ACCESS_COARSE_LOCATION" />
19-->[com.github.xuexiangjys.XUtil:xutil-core:1.1.6] AndroidManifest.xml:22:5-81
19-->[com.github.xuexiangjys.XUtil:xutil-core:1.1.6] AndroidManifest.xml:22:22-78
20    <uses-permission android:name="android.permission.ACCESS_FINE_LOCATION" /> <!-- 网络权限 -->
20-->[com.github.xuexiangjys.XUtil:xutil-core:1.1.6] AndroidManifest.xml:23:5-79
20-->[com.github.xuexiangjys.XUtil:xutil-core:1.1.6] AndroidManifest.xml:23:22-76
21    <uses-permission android:name="android.permission.ACCESS_WIFI_STATE" />
21-->[com.github.xuexiangjys.XUtil:xutil-core:1.1.6] AndroidManifest.xml:26:5-76
21-->[com.github.xuexiangjys.XUtil:xutil-core:1.1.6] AndroidManifest.xml:26:22-73
22    <uses-permission android:name="android.permission.CHANGE_WIFI_STATE" />
22-->[com.github.xuexiangjys.XUtil:xutil-core:1.1.6] AndroidManifest.xml:27:5-76
22-->[com.github.xuexiangjys.XUtil:xutil-core:1.1.6] AndroidManifest.xml:27:22-73
23    <uses-permission android:name="android.permission.ACCESS_NETWORK_STATE" />
23-->[com.github.xuexiangjys.XUtil:xutil-core:1.1.6] AndroidManifest.xml:28:5-79
23-->[com.github.xuexiangjys.XUtil:xutil-core:1.1.6] AndroidManifest.xml:28:22-76
24    <uses-permission android:name="android.permission.MODIFY_PHONE_STATE" />
24-->[com.github.xuexiangjys.XUtil:xutil-core:1.1.6] AndroidManifest.xml:29:5-31:47
24-->[com.github.xuexiangjys.XUtil:xutil-core:1.1.6] AndroidManifest.xml:30:9-61
25    <uses-permission android:name="android.permission.WAKE_LOCK" /> <!-- 状态栏权限 -->
25-->[com.github.xuexiangjys.XUtil:xutil-core:1.1.6] AndroidManifest.xml:33:5-68
25-->[com.github.xuexiangjys.XUtil:xutil-core:1.1.6] AndroidManifest.xml:33:22-65
26    <uses-permission android:name="android.permission.EXPAND_STATUS_BAR" /> <!-- 进程杀死 -->
26-->[com.github.xuexiangjys.XUtil:xutil-core:1.1.6] AndroidManifest.xml:36:5-76
26-->[com.github.xuexiangjys.XUtil:xutil-core:1.1.6] AndroidManifest.xml:36:22-73
27    <uses-permission android:name="android.permission.KILL_BACKGROUND_PROCESSES" /> <!-- 修改系统设置 -->
27-->[com.github.xuexiangjys.XUtil:xutil-core:1.1.6] AndroidManifest.xml:38:5-84
27-->[com.github.xuexiangjys.XUtil:xutil-core:1.1.6] AndroidManifest.xml:38:22-81
28    <uses-permission android:name="android.permission.WRITE_SETTINGS" /> <!-- 前台服务，兼容9.0 -->
28-->[com.github.xuexiangjys.XUtil:xutil-core:1.1.6] AndroidManifest.xml:40:5-42:47
28-->[com.github.xuexiangjys.XUtil:xutil-core:1.1.6] AndroidManifest.xml:41:9-57
29    <uses-permission android:name="android.permission.FOREGROUND_SERVICE" /> <!-- 悬浮窗 -->
29-->[com.github.xuexiangjys.XUtil:xutil-sub:1.1.6] AndroidManifest.xml:26:5-77
29-->[com.github.xuexiangjys.XUtil:xutil-sub:1.1.6] AndroidManifest.xml:26:22-74
30    <uses-permission android:name="android.permission.SYSTEM_ALERT_WINDOW" /> <!-- APK安装 -->
30-->[com.github.xuexiangjys.XUtil:xutil-sub:1.1.6] AndroidManifest.xml:28:5-78
30-->[com.github.xuexiangjys.XUtil:xutil-sub:1.1.6] AndroidManifest.xml:28:22-75
31    <uses-permission android:name="android.permission.INSTALL_PACKAGES" />
31-->[com.github.xuexiangjys.XUtil:xutil-sub:1.1.6] AndroidManifest.xml:30:5-32:47
31-->[com.github.xuexiangjys.XUtil:xutil-sub:1.1.6] AndroidManifest.xml:31:9-59
32    <uses-permission android:name="android.permission.REQUEST_INSTALL_PACKAGES" /> <!-- 震动 -->
32-->[com.github.xuexiangjys.XUtil:xutil-sub:1.1.6] AndroidManifest.xml:33:5-83
32-->[com.github.xuexiangjys.XUtil:xutil-sub:1.1.6] AndroidManifest.xml:33:22-80
33    <uses-permission android:name="android.permission.VIBRATE" />
33-->[com.github.xuexiangjys.XUtil:xutil-sub:1.1.6] AndroidManifest.xml:35:5-66
33-->[com.github.xuexiangjys.XUtil:xutil-sub:1.1.6] AndroidManifest.xml:35:22-63
34    <uses-permission android:name="android.permission.CALL_PHONE" />
34-->[com.github.xuexiangjys.XUtil:xutil-sub:1.1.6] AndroidManifest.xml:38:5-69
34-->[com.github.xuexiangjys.XUtil:xutil-sub:1.1.6] AndroidManifest.xml:38:22-66
35    <uses-permission android:name="android.permission.SEND_SMS" />
35-->[com.github.xuexiangjys.XUtil:xutil-sub:1.1.6] AndroidManifest.xml:39:5-67
35-->[com.github.xuexiangjys.XUtil:xutil-sub:1.1.6] AndroidManifest.xml:39:22-64
36    <uses-permission android:name="android.permission.READ_SMS" />
36-->[com.github.xuexiangjys.XUtil:xutil-sub:1.1.6] AndroidManifest.xml:40:5-67
36-->[com.github.xuexiangjys.XUtil:xutil-sub:1.1.6] AndroidManifest.xml:40:22-64
37    <uses-permission android:name="android.permission.READ_CONTACTS" />
37-->[com.github.xuexiangjys.XUtil:xutil-sub:1.1.6] AndroidManifest.xml:41:5-72
37-->[com.github.xuexiangjys.XUtil:xutil-sub:1.1.6] AndroidManifest.xml:41:22-69
38    <uses-permission android:name="android.permission.READ_CALENDAR" />
38-->[com.github.xuexiangjys.XUtil:xutil-sub:1.1.6] AndroidManifest.xml:42:5-72
38-->[com.github.xuexiangjys.XUtil:xutil-sub:1.1.6] AndroidManifest.xml:42:22-69
39    <uses-permission android:name="android.permission.RECORD_AUDIO" />
39-->[com.github.xuexiangjys.XUtil:xutil-sub:1.1.6] AndroidManifest.xml:43:5-71
39-->[com.github.xuexiangjys.XUtil:xutil-sub:1.1.6] AndroidManifest.xml:43:22-68
40    <uses-permission android:name="android.permission.FLASHLIGHT" />
40-->[com.github.xuexiangjys.XUtil:xutil-sub:1.1.6] AndroidManifest.xml:46:5-69
40-->[com.github.xuexiangjys.XUtil:xutil-sub:1.1.6] AndroidManifest.xml:46:22-66
41
42    <uses-feature android:name="android.hardware.camera" />
42-->[com.github.xuexiangjys.XUtil:xutil-sub:1.1.6] AndroidManifest.xml:48:5-60
42-->[com.github.xuexiangjys.XUtil:xutil-sub:1.1.6] AndroidManifest.xml:48:19-57
43    <uses-feature android:name="android.hardware.camera.autofocus" />
43-->[com.github.xuexiangjys.XUtil:xutil-sub:1.1.6] AndroidManifest.xml:49:5-70
43-->[com.github.xuexiangjys.XUtil:xutil-sub:1.1.6] AndroidManifest.xml:49:19-67
44    <uses-feature android:name="android.hardware.camera.flash" />
44-->[com.github.xuexiangjys.XUtil:xutil-sub:1.1.6] AndroidManifest.xml:50:5-66
44-->[com.github.xuexiangjys.XUtil:xutil-sub:1.1.6] AndroidManifest.xml:50:19-63
45
46    <application
46-->src\main\AndroidManifest.xml:8:5-29:19
47        android:allowBackup="true"
47-->src\main\AndroidManifest.xml:9:9-35
48        android:appComponentFactory="androidx.core.app.CoreComponentFactory"
48-->[androidx.core:core:1.0.0] AndroidManifest.xml:22:18-86
49        android:debuggable="true"
50        android:icon="@mipmap/ic_launcher"
50-->src\main\AndroidManifest.xml:10:9-43
51        android:label="@string/app_name"
51-->src\main\AndroidManifest.xml:11:9-41
52        android:testOnly="true"
53        android:theme="@style/AppTheme" >
53-->src\main\AndroidManifest.xml:12:9-40
54        <activity android:name="cn.easyar.samples.helloar.pop.PopActivity" >
54-->src\main\AndroidManifest.xml:13:9-15:20
54-->src\main\AndroidManifest.xml:13:19-50
55        </activity>
56        <activity
56-->src\main\AndroidManifest.xml:16:9-24:20
57            android:name="cn.easyar.samples.helloar.MainActivity"
57-->src\main\AndroidManifest.xml:17:13-41
58            android:label="@string/app_name" >
58-->src\main\AndroidManifest.xml:18:13-45
59            <intent-filter>
59-->src\main\AndroidManifest.xml:19:13-23:29
60                <action android:name="android.intent.action.MAIN" />
60-->src\main\AndroidManifest.xml:20:17-69
60-->src\main\AndroidManifest.xml:20:25-66
61
62                <category android:name="android.intent.category.LAUNCHER" />
62-->src\main\AndroidManifest.xml:22:17-77
62-->src\main\AndroidManifest.xml:22:27-74
63            </intent-filter>
64        </activity>
65        <activity
65-->src\main\AndroidManifest.xml:25:9-28:55
66            android:name="cn.easyar.samples.helloar.ARActivity"
66-->src\main\AndroidManifest.xml:26:13-39
67            android:configChanges="orientation|keyboardHidden|screenSize|smallestScreenSize"
67-->src\main\AndroidManifest.xml:27:13-93
68            android:screenOrientation="unspecified" />
68-->src\main\AndroidManifest.xml:28:13-52
69        <activity
69-->[com.github.xuexiangjys.XUtil:xutil-core:1.1.6] AndroidManifest.xml:45:9-49:75
70            android:name="com.xuexiang.xutil.system.PermissionUtils$PermissionActivity"
70-->[com.github.xuexiangjys.XUtil:xutil-core:1.1.6] AndroidManifest.xml:46:13-88
71            android:configChanges="orientation|keyboardHidden|screenSize"
71-->[com.github.xuexiangjys.XUtil:xutil-core:1.1.6] AndroidManifest.xml:47:13-74
72            android:theme="@style/XUtil_Activity_Translucent"
72-->[com.github.xuexiangjys.XUtil:xutil-core:1.1.6] AndroidManifest.xml:48:13-62
73            android:windowSoftInputMode="stateHidden|stateAlwaysHidden" />
73-->[com.github.xuexiangjys.XUtil:xutil-core:1.1.6] AndroidManifest.xml:49:13-72
74
75        <provider
75-->[com.github.xuexiangjys.XUtil:xutil-core:1.1.6] AndroidManifest.xml:51:9-59:20
76            android:name="androidx.core.content.FileProvider4Utils"
76-->[com.github.xuexiangjys.XUtil:xutil-core:1.1.6] AndroidManifest.xml:52:13-68
77            android:authorities="cn.easyar.samples.helloar.xutil.provider"
77-->[com.github.xuexiangjys.XUtil:xutil-core:1.1.6] AndroidManifest.xml:53:13-66
78            android:exported="false"
78-->[com.github.xuexiangjys.XUtil:xutil-core:1.1.6] AndroidManifest.xml:54:13-37
79            android:grantUriPermissions="true" >
79-->[com.github.xuexiangjys.XUtil:xutil-core:1.1.6] AndroidManifest.xml:55:13-47
80            <meta-data
80-->[com.github.xuexiangjys.XUtil:xutil-core:1.1.6] AndroidManifest.xml:56:13-58:64
81                android:name="android.support.FILE_PROVIDER_PATHS"
81-->[com.github.xuexiangjys.XUtil:xutil-core:1.1.6] AndroidManifest.xml:57:17-67
82                android:resource="@xml/xutil_provider_paths" />
82-->[com.github.xuexiangjys.XUtil:xutil-core:1.1.6] AndroidManifest.xml:58:17-61
83        </provider>
84    </application>
85
86</manifest>